<?xml version="1.0" encoding="UTF-8"?>
<testng-results skipped="0" failed="0" ignored="0" total="2" passed="2">
  <reporter-output>
  </reporter-output>
  <suite name="Default suite" duration-ms="35" started-at="2019-03-02T06:26:20Z" finished-at="2019-03-02T06:26:20Z">
    <groups>
    </groups>
    <test name="Default test" duration-ms="35" started-at="2019-03-02T06:26:20Z" finished-at="2019-03-02T06:26:20Z">
      <class name="testNgBasics.TestClass">
        <test-method status="PASS" signature="beforeSuite()[pri:0, instance:testNgBasics.TestClass@3ffc5af1]" name="beforeSuite" is-config="true" duration-ms="12" started-at="2019-03-02T06:26:20Z" finished-at="2019-03-02T06:26:20Z">
          <reporter-output>
          </reporter-output>
        </test-method> <!-- beforeSuite -->
        <test-method status="PASS" signature="beforeTest()[pri:0, instance:testNgBasics.TestClass@3ffc5af1]" name="beforeTest" is-config="true" duration-ms="0" started-at="2019-03-02T06:26:20Z" finished-at="2019-03-02T06:26:20Z">
          <reporter-output>
          </reporter-output>
        </test-method> <!-- beforeTest -->
        <test-method status="PASS" signature="beforeClass()[pri:0, instance:testNgBasics.TestClass@3ffc5af1]" name="beforeClass" is-config="true" duration-ms="1" started-at="2019-03-02T06:26:20Z" finished-at="2019-03-02T06:26:20Z">
          <reporter-output>
          </reporter-output>
        </test-method> <!-- beforeClass -->
        <test-method status="PASS" signature="beforeMethod()[pri:0, instance:testNgBasics.TestClass@3ffc5af1]" name="beforeMethod" is-config="true" duration-ms="0" started-at="2019-03-02T06:26:20Z" finished-at="2019-03-02T06:26:20Z">
          <reporter-output>
          </reporter-output>
        </test-method> <!-- beforeMethod -->
        <test-method status="PASS" signature="tc_02()[pri:0, instance:testNgBasics.TestClass@3ffc5af1]" name="tc_02" duration-ms="6" started-at="2019-03-02T06:26:20Z" finished-at="2019-03-02T06:26:20Z">
          <reporter-output>
          </reporter-output>
        </test-method> <!-- tc_02 -->
        <test-method status="PASS" signature="afterMethod()[pri:0, instance:testNgBasics.TestClass@3ffc5af1]" name="afterMethod" is-config="true" duration-ms="1" started-at="2019-03-02T06:26:20Z" finished-at="2019-03-02T06:26:20Z">
          <reporter-output>
          </reporter-output>
        </test-method> <!-- afterMethod -->
        <test-method status="PASS" signature="beforeMethod()[pri:0, instance:testNgBasics.TestClass@3ffc5af1]" name="beforeMethod" is-config="true" duration-ms="0" started-at="2019-03-02T06:26:20Z" finished-at="2019-03-02T06:26:20Z">
          <reporter-output>
          </reporter-output>
        </test-method> <!-- beforeMethod -->
        <test-method status="PASS" signature="tc_01()[pri:1, instance:testNgBasics.TestClass@3ffc5af1]" name="tc_01" duration-ms="4" started-at="2019-03-02T06:26:20Z" finished-at="2019-03-02T06:26:20Z">
          <reporter-output>
          </reporter-output>
        </test-method> <!-- tc_01 -->
        <test-method status="PASS" signature="afterClass()[pri:0, instance:testNgBasics.TestClass@3ffc5af1]" name="afterClass" is-config="true" duration-ms="1" started-at="2019-03-02T06:26:20Z" finished-at="2019-03-02T06:26:20Z">
          <reporter-output>
          </reporter-output>
        </test-method> <!-- afterClass -->
        <test-method status="PASS" signature="afterMethod()[pri:0, instance:testNgBasics.TestClass@3ffc5af1]" name="afterMethod" is-config="true" duration-ms="0" started-at="2019-03-02T06:26:20Z" finished-at="2019-03-02T06:26:20Z">
          <reporter-output>
          </reporter-output>
        </test-method> <!-- afterMethod -->
        <test-method status="PASS" signature="afterTest()[pri:0, instance:testNgBasics.TestClass@3ffc5af1]" name="afterTest" is-config="true" duration-ms="0" started-at="2019-03-02T06:26:20Z" finished-at="2019-03-02T06:26:20Z">
          <reporter-output>
          </reporter-output>
        </test-method> <!-- afterTest -->
        <test-method status="PASS" signature="afterSuite()[pri:0, instance:testNgBasics.TestClass@3ffc5af1]" name="afterSuite" is-config="true" duration-ms="0" started-at="2019-03-02T06:26:20Z" finished-at="2019-03-02T06:26:20Z">
          <reporter-output>
          </reporter-output>
        </test-method> <!-- afterSuite -->
      </class> <!-- testNgBasics.TestClass -->
    </test> <!-- Default test -->
  </suite> <!-- Default suite -->
</testng-results>
